feedback.html     http://outreach.vlabs.ac.in/
index.html     http://outreach.vlabs.ac.in/
performance-report.html     http://vlab.co.in
posttest.html     http://outreach.vlabs.ac.in/
pretest.html     http://outreach.vlabs.ac.in/
procedure.html     http://outreach.vlabs.ac.in/
references.html     http://scienceworld.wolfram.com/physics/TorsionalPendulum.html
references.html     http://en.wikipedia.org/wiki/List_of_moments_of_inertia
references.html     http://www.upscale.utoronto.ca/IYearLab/Intros/TorsionPend/TorsionPend.html
references.html     http://www.youtube.com/watch?v=CLrgeQzFkGA
references.html     http://www.youtube.com/watch?v=mUlKbitQYlU
references.html     http://outreach.vlabs.ac.in/
theory.html     http://outreach.vlabs.ac.in/
validator-report.html     http://vlab.co.in
simulation/default.html     http://en.wikipedia.org/wiki/
                Simple_harmonic_motion
simulation/default.html     http://www.physics.uoguelph.ca/
                tutorials/shm/Q.shm.html
simulation/default.html     http://surendranath.tripod.com/Applets/
                Oscillations/SHM/SHMApplet.html
